# JRE version: Java(TM) SE Runtime Environment (19.0+36) (build 19+36-2238)
# Java VM: Java HotSpot(TM) 64-Bit Server VM (19+36-2238, mixed mode, sharing, tiered, compressed oops, compressed class ptrs, g1 gc, windows-amd64)
GC Precious Log:
 CardTable entry size: 512
 Card Set container configuration: InlinePtr #cards 5 size 8 Array Of Cards #cards 12 size 40 Howl #buckets 4 coarsen threshold 1843 Howl Bitmap #cards 512 size 80 coarsen threshold 460 Card regions per heap region 1 cards per card region 2048
 CPUs: 4 total, 4 available
 Memory: 3998M
 Large Page Support: Disabled
 NUMA Support: Disabled
 Compressed Oops: Enabled (32-bit)
 Heap Region Size: 1M
 Heap Min Capacity: 8M
 Heap Initial Capacity: 64M
 Heap Max Capacity: 1000M
 Pre-touch: Disabled
 Parallel Workers: 4
 Concurrent Workers: 1
 Concurrent Refinement Workers: 4
 Periodic GC: Disabled
Heap:
 garbage-first heap   total 96256K, used 44699K [0x00000000c1800000, 0x0000000100000000)
  region size 1024K, 13 young (13312K), 2 survivors (2048K)
 Metaspace       used 71003K, committed 71616K, reserved 1114112K
  class space    used 8526K, committed 8832K, reserved 1048576K
GC Heap History (20 events):
Event: 132.212 GC heap after
{Heap after GC invocations=35 (full 2):
 garbage-first heap   total 86016K, used 31005K [0x00000000c1800000, 0x0000000100000000)
  region size 1024K, 4 young (4096K), 4 survivors (4096K)
 Metaspace       used 67979K, committed 68480K, reserved 1114112K
  class space    used 8378K, committed 8640K, reserved 1048576K
}
Event: 132.240 GC heap before
{Heap before GC invocations=35 (full 2):
 garbage-first heap   total 86016K, used 32029K [0x00000000c1800000, 0x0000000100000000)
  region size 1024K, 5 young (5120K), 4 survivors (4096K)
 Metaspace       used 68014K, committed 68544K, reserved 1114112K
  class space    used 8379K, committed 8640K, reserved 1048576K
}
Event: 132.246 GC heap after
{Heap after GC invocations=36 (full 2):
 garbage-first heap   total 86016K, used 31156K [0x00000000c1800000, 0x0000000100000000)
  region size 1024K, 1 young (1024K), 1 survivors (1024K)
 Metaspace       used 68014K, committed 68544K, reserved 1114112K
  class space    used 8379K, committed 8640K, reserved 1048576K
}
Event: 132.575 GC heap before
{Heap before GC invocations=36 (full 2):
 garbage-first heap   total 86016K, used 68020K [0x00000000c1800000, 0x0000000100000000)
  region size 1024K, 37 young (37888K), 1 survivors (1024K)
 Metaspace       used 68309K, committed 68928K, reserved 1114112K
  class space    used 8394K, committed 8704K, reserved 1048576K
}
Event: 132.578 GC heap after
{Heap after GC invocations=37 (full 2):
 garbage-first heap   total 86016K, used 32112K [0x00000000c1800000, 0x0000000100000000)
  region size 1024K, 2 young (2048K), 2 survivors (2048K)
 Metaspace       used 68309K, committed 68928K, reserved 1114112K
  class space    used 8394K, committed 8704K, reserved 1048576K
}
Event: 134.292 GC heap before
{Heap before GC invocations=37 (full 2):
 garbage-first heap   total 86016K, used 55664K [0x00000000c1800000, 0x0000000100000000)
  region size 1024K, 26 young (26624K), 2 survivors (2048K)
 Metaspace       used 68498K, committed 69120K, reserved 1114112K
  class space    used 8402K, committed 8704K, reserved 1048576K
}
Event: 134.353 GC heap after
{Heap after GC invocations=38 (full 3):
 garbage-first heap   total 86016K, used 25234K [0x00000000c1800000, 0x0000000100000000)
  region size 1024K, 0 young (0K), 0 survivors (0K)
 Metaspace       used 68495K, committed 69120K, reserved 1114112K
  class space    used 8402K, committed 8704K, reserved 1048576K
}
Event: 136.751 GC heap before
{Heap before GC invocations=38 (full 3):
 garbage-first heap   total 86016K, used 67218K [0x00000000c1800000, 0x0000000100000000)
  region size 1024K, 41 young (41984K), 0 survivors (0K)
 Metaspace       used 68846K, committed 69440K, reserved 1114112K
  class space    used 8423K, committed 8704K, reserved 1048576K
}
Event: 136.761 GC heap after
{Heap after GC invocations=39 (full 3):
 garbage-first heap   total 242688K, used 28574K [0x00000000c1800000, 0x0000000100000000)
  region size 1024K, 4 young (4096K), 4 survivors (4096K)
 Metaspace       used 68846K, committed 69440K, reserved 1114112K
  class space    used 8423K, committed 8704K, reserved 1048576K
}
Event: 263.572 GC heap before
{Heap before GC invocations=39 (full 3):
 garbage-first heap   total 242688K, used 138142K [0x00000000c1800000, 0x0000000100000000)
  region size 1024K, 112 young (114688K), 4 survivors (4096K)
 Metaspace       used 69823K, committed 70400K, reserved 1114112K
  class space    used 8464K, committed 8768K, reserved 1048576K
}
Event: 264.030 GC heap after
{Heap after GC invocations=40 (full 4):
 garbage-first heap   total 96256K, used 26405K [0x00000000c1800000, 0x0000000100000000)
  region size 1024K, 0 young (0K), 0 survivors (0K)
 Metaspace       used 69821K, committed 70400K, reserved 1114112K
  class space    used 8463K, committed 8768K, reserved 1048576K
}
Event: 266.331 GC heap before
{Heap before GC invocations=40 (full 4):
 garbage-first heap   total 96256K, used 72485K [0x00000000c1800000, 0x0000000100000000)
  region size 1024K, 46 young (47104K), 0 survivors (0K)
 Metaspace       used 70186K, committed 70720K, reserved 1114112K
  class space    used 8484K, committed 8768K, reserved 1048576K
}
Event: 266.345 GC heap after
{Heap after GC invocations=41 (full 4):
 garbage-first heap   total 96256K, used 30400K [0x00000000c1800000, 0x0000000100000000)
  region size 1024K, 4 young (4096K), 4 survivors (4096K)
 Metaspace       used 70186K, committed 70720K, reserved 1114112K
  class space    used 8484K, committed 8768K, reserved 1048576K
}
Event: 271.391 GC heap before
{Heap before GC invocations=42 (full 4):
 garbage-first heap   total 96256K, used 74432K [0x00000000c1800000, 0x0000000100000000)
  region size 1024K, 47 young (48128K), 4 survivors (4096K)
 Metaspace       used 70620K, committed 71168K, reserved 1114112K
  class space    used 8506K, committed 8768K, reserved 1048576K
}
Event: 271.413 GC heap after
{Heap after GC invocations=43 (full 4):
 garbage-first heap   total 96256K, used 33037K [0x00000000c1800000, 0x0000000100000000)
  region size 1024K, 4 young (4096K), 4 survivors (4096K)
 Metaspace       used 70620K, committed 71168K, reserved 1114112K
  class space    used 8506K, committed 8768K, reserved 1048576K
}
Event: 271.415 GC heap before
{Heap before GC invocations=43 (full 4):
 garbage-first heap   total 96256K, used 34061K [0x00000000c1800000, 0x0000000100000000)
  region size 1024K, 5 young (5120K), 4 survivors (4096K)
 Metaspace       used 70620K, committed 71168K, reserved 1114112K
  class space    used 8506K, committed 8768K, reserved 1048576K
}
Event: 271.430 GC heap after
{Heap after GC invocations=44 (full 4):
 garbage-first heap   total 96256K, used 33083K [0x00000000c1800000, 0x0000000100000000)
  region size 1024K, 1 young (1024K), 1 survivors (1024K)
 Metaspace       used 70620K, committed 71168K, reserved 1114112K
  class space    used 8506K, committed 8768K, reserved 1048576K
}
Event: 271.679 GC heap before
{Heap before GC invocations=44 (full 4):
 garbage-first heap   total 96256K, used 74043K [0x00000000c1800000, 0x0000000100000000)
  region size 1024K, 41 young (41984K), 1 survivors (1024K)
 Metaspace       used 70953K, committed 71552K, reserved 1114112K
  class space    used 8524K, committed 8832K, reserved 1048576K
}
Event: 271.683 GC heap after
{Heap after GC invocations=45 (full 4):
 garbage-first heap   total 96256K, used 34457K [0x00000000c1800000, 0x0000000100000000)
  region size 1024K, 2 young (2048K), 2 survivors (2048K)
 Metaspace       used 70953K, committed 71552K, reserved 1114112K
  class space    used 8524K, committed 8832K, reserved 1048576K
}
Event: 273.234 GC heap before
{Heap before GC invocations=45 (full 4):
 garbage-first heap   total 96256K, used 44697K [0x00000000c1800000, 0x0000000100000000)
  region size 1024K, 13 young (13312K), 2 survivors (2048K)
 Metaspace       used 71003K, committed 71616K, reserved 1114112K
  class space    used 8526K, committed 8832K, reserved 1048576K
}

